2019-08-12 11:00:50,901 - INFO - Cadastrando turno.
2019-08-12 11:32:17,854 - INFO - Cadastrando escola.
2019-08-14 11:39:06,226 - INFO - Cadastrando turno.
2019-08-14 11:40:47,649 - INFO - Cadastrando campi.
2019-08-15 07:54:19,301 - INFO - Cadastrando campus.
2019-08-15 07:54:19,329 - ERROR - Aconteceu um erro.
2019-08-15 07:54:57,421 - INFO - Cadastrando campus.
2019-08-15 07:54:57,421 - ERROR - Aconteceu um erro.
2019-08-15 07:56:13,791 - INFO - Listando campus.
2019-08-15 07:56:13,791 - ERROR - Aconteceu um erro.
2019-08-15 07:58:13,158 - INFO - Listando campus.
2019-08-15 07:58:13,159 - ERROR - Aconteceu um erro.
2019-08-15 07:59:00,078 - INFO - Listando campus.
2019-08-15 07:59:00,079 - ERROR - Aconteceu um erro.
2019-08-15 08:00:10,463 - INFO - Listando campus.
2019-08-15 08:00:10,464 - ERROR - Aconteceu um erro.
2019-08-15 08:06:27,166 - INFO - Listando campus
2019-08-15 08:06:27,167 - ERROR - Aconteceu um erro.
2019-08-15 08:07:37,705 - INFO - Listando campus
2019-08-15 08:07:37,706 - ERROR - Aconteceu um erro.
2019-08-15 08:07:57,083 - INFO - Listando campus
2019-08-15 08:07:57,084 - ERROR - Aconteceu um erro.
2019-08-15 08:10:13,524 - INFO - Listando campus
2019-08-15 08:10:13,524 - ERROR - Aconteceu um erro.
2019-08-15 08:14:12,506 - INFO - Listando campus
2019-08-15 08:14:12,507 - ERROR - Aconteceu um erro.
2019-08-15 08:14:12,507 - INFO - Campus listados com sucesso.
2019-08-15 08:14:21,220 - INFO - Cadastrando campus.
2019-08-15 08:14:21,221 - ERROR - Aconteceu um erro.
2019-08-15 08:14:25,168 - INFO - Listando campus
2019-08-15 08:14:25,169 - ERROR - Aconteceu um erro.
2019-08-15 08:14:25,169 - INFO - Campus listados com sucesso.
2019-08-15 08:14:26,400 - INFO - Listando campus
2019-08-15 08:14:26,400 - ERROR - Aconteceu um erro.
2019-08-15 08:14:26,400 - INFO - Campus listados com sucesso.
2019-08-15 08:14:36,392 - INFO - Listando campus
2019-08-15 08:14:36,392 - ERROR - Aconteceu um erro.
2019-08-15 08:14:36,393 - INFO - Campus listados com sucesso.
2019-08-15 08:14:48,797 - INFO - Cadastrando campus.
2019-08-15 08:14:48,798 - ERROR - Aconteceu um erro.
2019-08-15 08:15:54,031 - INFO - Cadastrando campus.
2019-08-15 08:15:54,031 - ERROR - Aconteceu um erro.
2019-08-15 08:15:57,832 - INFO - Listando campus
2019-08-15 08:15:57,833 - ERROR - Aconteceu um erro.
2019-08-15 08:15:57,833 - INFO - Campus listados com sucesso.
2019-08-15 08:15:58,775 - INFO - Listando campus
2019-08-15 08:15:58,776 - ERROR - Aconteceu um erro.
2019-08-15 08:15:58,776 - INFO - Campus listados com sucesso.
2019-08-15 08:15:58,989 - INFO - Listando campus
2019-08-15 08:15:58,989 - ERROR - Aconteceu um erro.
2019-08-15 08:15:58,990 - INFO - Campus listados com sucesso.
2019-08-15 08:21:54,140 - INFO - Cadastrando aluno...
2019-08-15 08:22:35,730 - INFO - Cadastrando aluno...
2019-08-15 08:22:39,288 - INFO - Cadastrando aluno...
2019-08-15 08:23:15,621 - INFO - Cadastrando aluno...
2019-08-15 08:23:15,622 - ERROR - Aconteceu um erro.
2019-08-15 08:24:24,914 - INFO - Listando alunos.
2019-08-15 08:24:24,915 - ERROR - Aconteceu um erro.
2019-08-15 08:25:53,326 - INFO - Listando alunos.
2019-08-15 08:25:53,327 - ERROR - Aconteceu um erro.
2019-08-15 08:28:04,909 - INFO - Listando alunos.
2019-08-15 08:28:04,910 - ERROR - Aconteceu um erro
2019-08-15 08:28:04,910 - INFO - Alunos listado com sucesso.
2019-08-15 08:29:37,717 - INFO - Listando campus
2019-08-15 08:29:37,717 - ERROR - Aconteceu um erro.
2019-08-15 08:29:37,717 - INFO - Campus listados com sucesso.
2019-08-15 08:30:26,860 - INFO - Listando alunos.
2019-08-15 08:30:26,860 - ERROR - Aconteceu um erro
2019-08-15 08:30:26,860 - INFO - Alunos listado com sucesso.
2019-08-15 08:33:00,878 - INFO - Listando campus
2019-08-15 08:33:00,879 - ERROR - Aconteceu um erro.
2019-08-15 08:33:00,879 - INFO - Campus listados com sucesso.
2019-08-15 08:33:01,843 - INFO - Listando campus
2019-08-15 08:33:01,844 - ERROR - Aconteceu um erro.
2019-08-15 08:33:01,844 - INFO - Campus listados com sucesso.
2019-08-15 08:33:02,013 - INFO - Listando campus
2019-08-15 08:33:02,013 - ERROR - Aconteceu um erro.
2019-08-15 08:33:02,014 - INFO - Campus listados com sucesso.
2019-08-15 08:33:02,218 - INFO - Listando campus
2019-08-15 08:33:02,218 - ERROR - Aconteceu um erro.
2019-08-15 08:33:02,219 - INFO - Campus listados com sucesso.
2019-08-15 08:33:02,433 - INFO - Listando campus
2019-08-15 08:33:02,434 - ERROR - Aconteceu um erro.
2019-08-15 08:33:02,434 - INFO - Campus listados com sucesso.
2019-08-15 08:33:02,735 - INFO - Listando campus
2019-08-15 08:33:02,736 - ERROR - Aconteceu um erro.
2019-08-15 08:33:02,736 - INFO - Campus listados com sucesso.
2019-08-15 08:33:03,081 - INFO - Listando campus
2019-08-15 08:33:03,082 - ERROR - Aconteceu um erro.
2019-08-15 08:33:03,082 - INFO - Campus listados com sucesso.
2019-08-15 08:33:03,502 - INFO - Listando campus
2019-08-15 08:33:03,503 - ERROR - Aconteceu um erro.
2019-08-15 08:33:03,503 - INFO - Campus listados com sucesso.
2019-08-15 08:33:03,920 - INFO - Listando campus
2019-08-15 08:33:03,920 - ERROR - Aconteceu um erro.
2019-08-15 08:33:03,920 - INFO - Campus listados com sucesso.
2019-08-15 08:33:04,103 - INFO - Listando campus
2019-08-15 08:33:04,104 - ERROR - Aconteceu um erro.
2019-08-15 08:33:04,104 - INFO - Campus listados com sucesso.
2019-08-15 08:33:04,286 - INFO - Listando campus
2019-08-15 08:33:04,286 - ERROR - Aconteceu um erro.
2019-08-15 08:33:04,286 - INFO - Campus listados com sucesso.
2019-08-15 08:33:04,463 - INFO - Listando campus
2019-08-15 08:33:04,464 - ERROR - Aconteceu um erro.
2019-08-15 08:33:04,464 - INFO - Campus listados com sucesso.
2019-08-15 08:33:04,655 - INFO - Listando campus
2019-08-15 08:33:04,655 - ERROR - Aconteceu um erro.
2019-08-15 08:33:04,655 - INFO - Campus listados com sucesso.
2019-08-15 08:35:57,250 - INFO - Listando campus
2019-08-15 08:35:57,251 - ERROR - Aconteceu um erro.
2019-08-15 08:35:57,251 - INFO - Campus listados com sucesso.
2019-08-15 08:36:01,560 - INFO - Cadastrando aluno...
2019-08-15 08:36:34,519 - INFO - Cadastrando aluno...
2019-08-15 08:36:34,520 - ERROR - Aconteceu um erro.
2019-08-15 08:36:34,520 - INFO - Aluno Cadastrado com sucesso.
2019-08-15 08:36:43,163 - INFO - Listando alunos.
2019-08-15 08:36:43,163 - ERROR - Aconteceu um erro
2019-08-15 08:36:43,164 - INFO - Alunos listado com sucesso.
2019-08-15 08:40:55,519 - INFO - Listando alunos.
2019-08-15 08:40:55,520 - ERROR - Aconteceu um erro
2019-08-15 08:40:55,520 - INFO - Alunos listado com sucesso.
2019-08-15 08:40:56,377 - INFO - Listando alunos.
2019-08-15 08:40:56,378 - ERROR - Aconteceu um erro
2019-08-15 08:40:56,378 - INFO - Alunos listado com sucesso.
2019-08-15 08:40:56,564 - INFO - Listando alunos.
2019-08-15 08:40:56,564 - ERROR - Aconteceu um erro
2019-08-15 08:40:56,564 - INFO - Alunos listado com sucesso.
2019-08-15 08:40:56,758 - INFO - Listando alunos.
2019-08-15 08:40:56,758 - ERROR - Aconteceu um erro
2019-08-15 08:40:56,758 - INFO - Alunos listado com sucesso.
2019-08-15 08:40:56,936 - INFO - Listando alunos.
2019-08-15 08:40:56,937 - ERROR - Aconteceu um erro
2019-08-15 08:40:56,937 - INFO - Alunos listado com sucesso.
2019-08-15 08:40:57,174 - INFO - Listando alunos.
2019-08-15 08:40:57,175 - ERROR - Aconteceu um erro
2019-08-15 08:40:57,175 - INFO - Alunos listado com sucesso.
2019-08-15 08:40:57,642 - INFO - Listando alunos.
2019-08-15 08:40:57,643 - ERROR - Aconteceu um erro
2019-08-15 08:40:57,643 - INFO - Alunos listado com sucesso.
2019-08-15 08:43:51,493 - INFO - Cadastrando aluno...
2019-08-15 08:43:51,494 - ERROR - Aconteceu um erro.
2019-08-15 08:43:51,494 - INFO - Aluno Cadastrado com sucesso.
2019-08-15 13:08:57,734 - INFO - Cadastrando aluno...
2019-08-15 13:08:57,745 - ERROR - Aconteceu um erro.
2019-08-15 13:08:57,745 - INFO - Aluno Cadastrado com sucesso.
2019-08-15 13:09:11,812 - INFO - Cadastrando campus.
2019-08-15 13:09:11,813 - ERROR - Aconteceu um erro.
2019-08-15 13:09:15,316 - INFO - Listando campus
2019-08-15 13:09:15,317 - ERROR - Aconteceu um erro.
2019-08-15 13:09:15,317 - INFO - Campus listados com sucesso.
2019-08-15 13:09:18,750 - INFO - Listando alunos.
2019-08-15 13:09:18,751 - ERROR - Aconteceu um erro
2019-08-15 13:09:18,751 - INFO - Alunos listado com sucesso.
2019-08-15 13:14:37,389 - INFO - Cadastrando endereco.
2019-08-15 13:14:37,389 - ERROR - Aconteceu um erro.
2019-08-15 13:15:14,173 - INFO - Listando alunos.
2019-08-15 13:15:14,174 - ERROR - Aconteceu um erro
2019-08-15 13:15:14,175 - INFO - Alunos listado com sucesso.
2019-08-15 13:15:38,175 - INFO - Listando endereços.
2019-08-15 13:15:38,176 - ERROR - Aconteceu um erro.
2019-08-15 13:16:21,830 - INFO - Listando endereços.
2019-08-15 13:16:21,831 - ERROR - Aconteceu um erro.
2019-08-15 13:16:21,831 - INFO - Endereços listados com sucesso.
2019-08-15 13:18:45,294 - INFO - Cadastrando turno.
2019-08-15 13:18:45,295 - ERROR - Aconteceu um erro.
2019-08-15 13:19:11,192 - INFO - Listando turnos.
2019-08-15 13:19:11,193 - ERROR - Aconteceu um erro.
2019-08-15 13:26:36,428 - INFO - Listando turnos.
2019-08-15 13:26:36,429 - ERROR - Aconteceu um erro.
2019-08-15 13:26:36,429 - INFO - Turnos listados com sucesso.
2019-08-15 13:28:16,232 - INFO - Cadastrando turma.
2019-08-15 13:28:58,518 - INFO - Cadastrando turma.
2019-08-15 13:29:16,998 - INFO - Cadastrando turma.
2019-08-15 13:30:21,730 - INFO - Cadastrando turma.
2019-08-15 13:30:21,731 - ERROR - Aconteceu um erro.
2019-08-15 13:30:21,731 - INFO - Turma cadastrada com sucesso.
2019-08-15 13:30:45,290 - INFO - Listando turmas.
2019-08-15 13:30:45,291 - ERROR - Aconteceu um erro.
2019-08-15 13:30:45,291 - INFO - Turmas listadas com sucesso.
2019-08-15 13:34:02,173 - INFO - Cadastrando disciplina.
2019-08-15 13:34:41,366 - INFO - Cadastrando disciplina.
2019-08-15 13:34:41,367 - ERROR - Aconteceu um erro.
2019-08-15 13:34:41,367 - INFO - Disciplina cadastrada com sucesso.
2019-08-15 13:35:31,409 - INFO - Listando disciplinas.
2019-08-15 13:35:31,409 - ERROR - Aconteceu um erro.
2019-08-15 13:35:31,410 - INFO - Disciplinas listadas com sucesso.
2019-08-15 13:40:22,692 - INFO - Cadastrando professor.
2019-08-15 13:41:00,752 - INFO - Cadastrando professor.
2019-08-15 13:41:33,619 - INFO - Cadastrando professor.
2019-08-15 13:41:33,619 - ERROR - Aconteceu um erro.
2019-08-15 13:42:32,186 - INFO - Listando professores.
2019-08-15 13:42:32,187 - ERROR - Aconteceu um erro.
2019-08-15 13:42:32,187 - INFO - Professores listados com sucesso.
2019-08-15 13:45:19,264 - INFO - Cadastrando escola.
2019-08-15 13:46:24,931 - INFO - Cadastrando escola.
2019-08-15 13:46:24,931 - ERROR - Aconteceu um erro.
2019-08-15 13:46:24,932 - INFO - Escola cadastrada com sucesso.
2019-08-15 13:46:54,637 - INFO - Listando escolas.
2019-08-15 13:46:54,638 - ERROR - Aconteceu um erro.
2019-08-15 13:48:55,132 - INFO - Cadastrando curso.
2019-08-15 13:49:39,916 - INFO - Cadastrando curso.
2019-08-15 13:50:03,120 - INFO - Cadastrando curso.
2019-08-15 13:50:03,120 - ERROR - Aconteceu um erro.
2019-08-15 13:50:03,121 - INFO - Curso cadastrado com sucesso.
2019-08-15 13:50:35,495 - INFO - Listando cursos.
2019-08-15 13:50:35,496 - ERROR - Aconteceu um erro.
2019-08-15 13:50:35,496 - INFO - Cursos listados com sucesso.
2019-08-15 13:57:17,945 - INFO - Listando cursos.
2019-08-15 13:57:17,945 - ERROR - Aconteceu um erro.
2019-08-15 13:57:17,946 - INFO - Cursos listados com sucesso.
2019-08-15 14:02:51,396 - INFO - Listando alunos.
2019-08-15 14:02:51,397 - ERROR - Aconteceu um erro
2019-08-15 14:02:51,397 - INFO - Alunos listado com sucesso.
2019-08-15 14:03:00,409 - INFO - Listando endereços.
2019-08-15 14:03:00,410 - ERROR - Aconteceu um erro.
2019-08-15 14:03:00,410 - INFO - Endereços listados com sucesso.
2019-08-15 14:04:54,668 - INFO - Listando endereços.
2019-08-15 14:04:54,668 - ERROR - Aconteceu um erro.
2019-08-15 14:04:54,668 - INFO - Endereços listados com sucesso.
2019-08-15 14:05:13,764 - INFO - Listando endereços.
2019-08-15 14:05:13,765 - ERROR - Aconteceu um erro.
2019-08-15 14:05:13,765 - INFO - Endereços listados com sucesso.
2019-08-15 14:07:21,205 - INFO - Listando alunos.
2019-08-15 14:07:21,205 - ERROR - Aconteceu um erro
2019-08-15 14:07:21,205 - INFO - Alunos listado com sucesso.
2019-08-15 14:08:37,793 - INFO - Listando alunos.
2019-08-15 14:08:37,793 - ERROR - Aconteceu um erro
2019-08-15 14:09:16,298 - INFO - Listando alunos.
2019-08-15 14:09:16,299 - ERROR - Aconteceu um erro
2019-08-15 14:11:03,096 - INFO - Listando alunos.
2019-08-15 14:11:03,097 - ERROR - Aconteceu um erro
2019-08-15 14:11:03,097 - INFO - Alunos listado com sucesso.
2019-08-15 14:11:56,335 - INFO - Listando alunos.
2019-08-15 14:11:56,335 - ERROR - Aconteceu um erro
2019-08-15 14:11:56,336 - INFO - Alunos listado com sucesso.
2019-08-15 14:12:04,257 - INFO - Listando endereços.
2019-08-15 14:12:04,257 - ERROR - Aconteceu um erro.
2019-08-15 14:12:04,257 - INFO - Endereços listados com sucesso.
2019-08-15 14:15:05,756 - INFO - Listando cursos.
2019-08-15 14:15:05,756 - ERROR - Aconteceu um erro.
2019-08-15 14:15:05,756 - INFO - Cursos listados com sucesso.
2019-08-15 14:15:07,572 - INFO - Listando cursos.
2019-08-15 14:15:07,573 - ERROR - Aconteceu um erro.
2019-08-15 14:15:07,573 - INFO - Cursos listados com sucesso.
2019-08-15 14:15:07,807 - INFO - Listando cursos.
2019-08-15 14:15:07,808 - ERROR - Aconteceu um erro.
2019-08-15 14:15:07,808 - INFO - Cursos listados com sucesso.
2019-08-15 14:15:07,995 - INFO - Listando cursos.
2019-08-15 14:15:07,996 - ERROR - Aconteceu um erro.
2019-08-15 14:15:07,996 - INFO - Cursos listados com sucesso.
2019-08-15 14:15:08,182 - INFO - Listando cursos.
2019-08-15 14:15:08,183 - ERROR - Aconteceu um erro.
2019-08-15 14:15:08,183 - INFO - Cursos listados com sucesso.
2019-08-15 14:15:08,384 - INFO - Listando cursos.
2019-08-15 14:15:08,385 - ERROR - Aconteceu um erro.
2019-08-15 14:15:08,385 - INFO - Cursos listados com sucesso.
2019-08-15 14:15:08,575 - INFO - Listando cursos.
2019-08-15 14:15:08,575 - ERROR - Aconteceu um erro.
2019-08-15 14:15:08,576 - INFO - Cursos listados com sucesso.
2019-08-15 14:15:08,768 - INFO - Listando cursos.
2019-08-15 14:15:08,768 - ERROR - Aconteceu um erro.
2019-08-15 14:15:08,769 - INFO - Cursos listados com sucesso.
2019-08-15 14:15:09,017 - INFO - Listando cursos.
2019-08-15 14:15:09,017 - ERROR - Aconteceu um erro.
2019-08-15 14:15:09,017 - INFO - Cursos listados com sucesso.
2019-08-15 14:46:52,100 - INFO - Listando endereços.
2019-08-15 14:46:52,101 - ERROR - Aconteceu um erro.
2019-08-15 14:46:52,101 - INFO - Endereços listados com sucesso.
2019-08-15 14:46:53,343 - INFO - Listando endereços.
2019-08-15 14:46:53,343 - ERROR - Aconteceu um erro.
2019-08-15 14:46:53,343 - INFO - Endereços listados com sucesso.
2019-08-15 14:46:53,562 - INFO - Listando endereços.
2019-08-15 14:46:53,563 - ERROR - Aconteceu um erro.
2019-08-15 14:46:53,563 - INFO - Endereços listados com sucesso.
2019-08-15 14:46:54,143 - INFO - Listando endereços.
2019-08-15 14:46:54,144 - ERROR - Aconteceu um erro.
2019-08-15 14:46:54,144 - INFO - Endereços listados com sucesso.
2019-08-15 14:46:54,728 - INFO - Listando endereços.
2019-08-15 14:46:54,728 - ERROR - Aconteceu um erro.
2019-08-15 14:46:54,729 - INFO - Endereços listados com sucesso.
2019-08-15 14:51:03,596 - INFO - Cadastrando endereco.
2019-08-15 14:51:03,668 - INFO - Endereço cadastrado com sucesso.
2019-08-15 14:51:15,302 - INFO - Listando endereços.
2019-08-15 14:51:15,303 - INFO - Endereços listados com sucesso.
2019-08-15 14:51:20,365 - INFO - Listando endereço.
2019-08-15 14:51:20,366 - INFO - Endereço listado com sucesso.
2019-08-15 14:51:42,193 - INFO - Listando endereços.
2019-08-15 14:51:42,193 - INFO - Endereços listados com sucesso.
2019-08-15 14:52:03,422 - INFO - Cadastrando aluno...
2019-08-15 14:52:03,518 - INFO - Aluno Cadastrado com sucesso.
2019-08-15 14:52:09,180 - INFO - Cadastrando campus.
2019-08-15 14:52:09,267 - INFO - campus cadastrado com sucesso.
2019-08-15 14:52:12,793 - INFO - Cadastrando turno.
2019-08-15 14:52:12,850 - INFO - Turno cadastrado com sucesso.
2019-08-15 14:52:15,563 - INFO - Cadastrando turma.
2019-08-15 14:52:15,650 - INFO - Turma cadastrada com sucesso.
2019-08-15 14:52:18,651 - INFO - Cadastrando disciplina.
2019-08-15 14:52:18,716 - INFO - Disciplina cadastrada com sucesso.
2019-08-15 14:52:21,481 - INFO - Cadastrando professor.
2019-08-15 14:52:24,125 - INFO - Cadastrando escola.
2019-08-15 14:52:24,209 - INFO - Escola cadastrada com sucesso.
2019-08-15 14:52:26,776 - INFO - Cadastrando curso.
2019-08-15 14:52:26,849 - INFO - Curso cadastrado com sucesso.
2019-08-15 14:52:30,020 - INFO - Listando cursos.
2019-08-15 14:52:30,021 - INFO - Cursos listados com sucesso.
2019-08-15 14:52:32,439 - INFO - Listando escolas.
2019-08-15 14:52:35,055 - INFO - Listando professores.
2019-08-15 14:52:35,056 - INFO - Professores listados com sucesso.
2019-08-15 14:52:38,005 - INFO - Listando disciplinas.
2019-08-15 14:52:38,006 - INFO - Disciplinas listadas com sucesso.
2019-08-15 14:52:40,452 - INFO - Listando turmas.
2019-08-15 14:52:40,453 - INFO - Turmas listadas com sucesso.
2019-08-15 14:52:43,202 - INFO - Listando turnos.
2019-08-15 14:52:43,203 - INFO - Turnos listados com sucesso.
2019-08-15 14:52:46,147 - INFO - Listando endereços.
2019-08-15 14:52:46,147 - INFO - Endereços listados com sucesso.
2019-08-15 14:52:50,189 - INFO - Listando alunos.
2019-08-15 14:52:50,190 - INFO - Alunos listado com sucesso.
2019-08-15 14:52:52,848 - INFO - Listando campus
2019-08-15 14:52:52,849 - INFO - Campus listados com sucesso.
2019-08-15 14:54:09,830 - INFO - Cadastrando endereco.
2019-08-15 14:54:09,905 - INFO - Endereço cadastrado com sucesso.
2019-08-15 14:54:23,512 - INFO - Listando endereços.
2019-08-15 14:54:23,513 - INFO - Endereços listados com sucesso.
2019-11-01 09:27:56,767 - INFO - Listando alunos.
2019-11-01 09:27:56,825 - INFO - Alunos listado com sucesso.
2019-11-08 08:51:00,155 - INFO - Cadastrando turno.
2019-11-08 08:51:10,740 - INFO - Listando turnos.
2019-11-08 08:51:10,779 - INFO - Turnos listados com sucesso.
2019-11-08 08:51:35,332 - INFO - Cadastrando turno.
2019-11-08 08:51:39,519 - INFO - Listando turnos.
2019-11-08 08:51:39,519 - INFO - Turnos listados com sucesso.
2019-11-08 08:55:49,643 - INFO - Listando turnos.
2019-11-08 08:55:49,644 - INFO - Turnos listados com sucesso.
2019-11-08 10:15:48,715 - INFO - Cadastrando turno.
2019-11-08 10:16:55,479 - INFO - Cadastrando professor.
2019-11-08 10:17:13,361 - INFO - Cadastrando professor.
2019-11-08 10:19:21,412 - INFO - Cadastrando turma.
2019-11-08 10:19:46,797 - INFO - Cadastrando turma.
2019-11-08 10:20:27,723 - INFO - Cadastrando turma.
2019-11-08 10:22:38,155 - INFO - Cadastrando turma.
2019-11-08 10:23:42,526 - INFO - Cadastrando turma.
2019-11-08 10:27:27,656 - INFO - Cadastrando turma.
2019-11-08 10:31:29,489 - INFO - Cadastrando turma.
2019-11-08 10:33:11,795 - INFO - Cadastrando turma.
2019-11-08 10:35:11,754 - INFO - Cadastrando turma.
2019-11-21 11:08:03,538 - INFO - Cadastrando escola.
2019-11-22 10:39:24,228 - INFO - Cadastrando turno.
2019-11-28 11:03:17,382 - INFO - Cadastrando turno.
2019-11-28 11:33:15,754 - INFO - Cadastrando turno.
2019-11-28 11:37:38,770 - INFO - Cadastrando turno.
2019-12-05 11:20:19,474 - INFO - Cadastrando turno.
2019-12-05 11:30:30,370 - INFO - Cadastrando turno.
2019-12-05 11:31:37,611 - INFO - Cadastrando turno.
2019-12-05 11:32:32,671 - INFO - Cadastrando turno.
2019-12-05 11:34:43,456 - INFO - Cadastrando curso.
2019-12-05 11:36:05,982 - INFO - Cadastrando turno.
2019-12-05 11:51:55,003 - INFO - Cadastrando turno.
2019-12-05 11:53:27,978 - INFO - Cadastrando turno.
2019-12-05 11:55:00,833 - INFO - Cadastrando endereco.
2019-12-05 11:56:27,923 - INFO - Cadastrando turno.
2019-12-05 11:57:51,738 - INFO - Cadastrando turno.
2019-12-05 12:06:20,712 - INFO - Cadastrando turno - NOVO.
2019-12-05 12:10:04,124 - INFO - Cadastrando turno - NOVO.
2019-12-05 12:11:47,466 - INFO - Cadastrando turno - NOVO.
2019-12-05 12:11:47,487 - INFO - Cadastrando turno - NOVO.
2019-12-05 12:11:47,620 - INFO - Turno cadastrado com sucesso.
2019-12-05 13:40:30,458 - INFO - Cadastrando turno - NOVO.
2019-12-05 13:40:30,584 - INFO - Turno cadastrado com sucesso.
2019-12-05 13:40:31,527 - INFO - Cadastrando turno - NOVO.
2019-12-05 13:40:31,625 - INFO - Turno cadastrado com sucesso.
2019-12-05 13:41:15,006 - INFO - Listando turnos.
2019-12-05 13:41:15,007 - INFO - Turnos listados com sucesso.
2019-12-05 13:41:35,198 - INFO - Cadastrando turno - NOVO.
2019-12-05 13:41:35,408 - INFO - Turno cadastrado com sucesso.
2019-12-05 13:41:44,774 - INFO - Listando turnos.
2019-12-05 13:41:44,775 - INFO - Turnos listados com sucesso.
2019-12-05 13:45:55,206 - INFO - Listando turmas.
2019-12-05 13:45:55,206 - INFO - Turmas listadas com sucesso.
2019-12-05 14:09:12,313 - INFO - Listando disciplinas.
2019-12-05 14:09:12,314 - INFO - Disciplinas listadas com sucesso.
2019-12-05 14:11:08,109 - INFO - Listando disciplinas.
2019-12-05 14:11:08,110 - INFO - Disciplinas listadas com sucesso.
2019-12-06 08:48:15,261 - INFO - Cadastrando turno - NOVO.
2019-12-06 08:48:15,428 - INFO - Turno cadastrado com sucesso.
2019-12-06 08:48:29,430 - INFO - Listando turnos.
2019-12-06 08:48:29,430 - INFO - Turnos listados com sucesso.
2019-12-06 08:49:15,126 - INFO - Listando cursos.
2019-12-06 08:49:15,127 - INFO - Cursos listados com sucesso.
2019-12-06 09:00:17,570 - INFO - Cadastrando turma.
2019-12-06 09:00:17,673 - INFO - Turma cadastrada com sucesso.
2019-12-06 09:00:33,629 - INFO - Listando turmas.
2019-12-06 09:00:33,629 - INFO - Turmas listadas com sucesso.
2019-12-06 09:01:04,711 - INFO - Cadastrando turma.
2019-12-06 09:01:04,797 - INFO - Turma cadastrada com sucesso.
2019-12-06 09:01:07,993 - INFO - Listando turmas.
2019-12-06 09:01:07,994 - INFO - Turmas listadas com sucesso.
2019-12-06 09:01:33,878 - INFO - Listando disciplinas.
2019-12-06 09:01:33,878 - INFO - Disciplinas listadas com sucesso.
2019-12-06 09:02:03,532 - INFO - Listando disciplinas.
2019-12-06 09:02:03,533 - INFO - Disciplinas listadas com sucesso.
2019-12-06 09:04:44,049 - INFO - Listando disciplinas.
2019-12-06 09:04:44,050 - INFO - Disciplinas listadas com sucesso.
2019-12-06 09:04:50,724 - INFO - Listando disciplinas.
2019-12-06 09:04:50,725 - INFO - Disciplinas listadas com sucesso.
2019-12-06 09:07:45,332 - INFO - Listando disciplinas.
2019-12-06 09:07:45,332 - INFO - Disciplinas listadas com sucesso.
2019-12-06 09:10:01,117 - INFO - Listando disciplinas.
2019-12-06 09:10:01,119 - INFO - Disciplinas listadas com sucesso.
2019-12-06 09:11:51,746 - INFO - Listando disciplinas.
2019-12-06 09:11:51,747 - INFO - Disciplinas listadas com sucesso.
2019-12-06 09:13:30,786 - INFO - Listando disciplinas.
2019-12-06 09:13:30,786 - INFO - Disciplinas listadas com sucesso.
2019-12-06 09:15:34,562 - INFO - Listando disciplinas.
2019-12-06 09:15:34,563 - INFO - Disciplinas listadas com sucesso.
2019-12-06 09:15:34,778 - INFO - Listando disciplinas.
2019-12-06 09:15:34,779 - INFO - Disciplinas listadas com sucesso.
2019-12-06 09:15:34,999 - INFO - Listando disciplinas.
2019-12-06 09:15:35,000 - INFO - Disciplinas listadas com sucesso.
2019-12-06 09:15:35,227 - INFO - Listando disciplinas.
2019-12-06 09:15:35,228 - INFO - Disciplinas listadas com sucesso.
2019-12-06 09:15:35,459 - INFO - Listando disciplinas.
2019-12-06 09:15:35,460 - INFO - Disciplinas listadas com sucesso.
2019-12-06 09:15:35,642 - INFO - Listando disciplinas.
2019-12-06 09:15:35,643 - INFO - Disciplinas listadas com sucesso.
2019-12-06 09:15:35,913 - INFO - Listando disciplinas.
2019-12-06 09:15:35,914 - INFO - Disciplinas listadas com sucesso.
2019-12-06 09:15:36,074 - INFO - Listando disciplinas.
2019-12-06 09:15:36,075 - INFO - Disciplinas listadas com sucesso.
2019-12-06 09:15:39,732 - INFO - Listando disciplinas.
2019-12-06 09:15:39,732 - INFO - Disciplinas listadas com sucesso.
2019-12-06 09:28:23,028 - INFO - Listando disciplinas.
2019-12-06 09:28:23,037 - INFO - Disciplinas listadas com sucesso.
2019-12-06 09:32:17,949 - INFO - Cadastrando disciplina.
2019-12-06 09:33:29,747 - INFO - Cadastrando disciplina.
2019-12-06 09:33:50,484 - INFO - Cadastrando disciplina.
2019-12-06 09:35:33,969 - INFO - Cadastrando disciplina.
2019-12-06 09:40:37,274 - INFO - Listando disciplinas.
2019-12-06 09:40:37,274 - INFO - Disciplinas listadas com sucesso.
2019-12-06 09:43:18,913 - INFO - Listando disciplinas.
2019-12-06 09:43:18,914 - INFO - Disciplinas listadas com sucesso.
2019-12-06 09:45:13,685 - INFO - Cadastrando campus.
2019-12-06 09:45:13,762 - INFO - campus cadastrado com sucesso.
2019-12-06 09:46:13,481 - INFO - Listando campus
2019-12-06 09:46:13,482 - INFO - Campus listados com sucesso.
2019-12-06 09:48:30,440 - INFO - Cadastrando endereco.
2019-12-06 09:48:30,535 - INFO - Endereço cadastrado com sucesso.
2019-12-06 09:48:37,666 - INFO - Listando endereços.
2019-12-06 09:48:37,667 - INFO - Endereços listados com sucesso.
2019-12-06 09:51:02,856 - INFO - Listando escolas.
2019-12-06 09:55:29,683 - INFO - Cadastrando escola.
2019-12-06 09:55:29,776 - INFO - Escola cadastrada com sucesso.
2019-12-06 09:55:34,391 - INFO - Listando escolas.
2019-12-09 08:06:29,686 - INFO - Cadastrando curso.
2019-12-09 08:06:29,801 - INFO - Curso cadastrado com sucesso.
2019-12-10 09:12:09,343 - INFO - Cadastrando turno - NOVO.
2019-12-10 09:12:09,650 - INFO - Turno cadastrado com sucesso.
2019-12-10 09:23:03,996 - INFO - Cadastrando endereco.
2019-12-10 09:23:04,058 - INFO - Endereço cadastrado com sucesso.
2019-12-10 09:27:03,644 - INFO - Cadastrando escola.
2019-12-10 09:27:03,702 - INFO - Escola cadastrada com sucesso.
2019-12-10 09:27:51,961 - INFO - Cadastrando campus.
2019-12-10 09:27:52,040 - INFO - campus cadastrado com sucesso.
2019-12-10 09:28:27,708 - INFO - Cadastrando curso.
2019-12-10 09:28:27,776 - INFO - Curso cadastrado com sucesso.
2019-12-10 09:29:03,320 - INFO - Cadastrando turma.
2019-12-10 09:29:03,383 - INFO - Turma cadastrada com sucesso.
2019-12-10 09:32:38,911 - INFO - Cadastrando turno - NOVO.
2019-12-10 09:32:38,996 - INFO - Turno cadastrado com sucesso.
2019-12-10 11:15:49,273 - INFO - Cadastrando campus.
2019-12-10 11:15:49,438 - INFO - campus cadastrado com sucesso.
2019-12-10 11:17:58,198 - INFO - Cadastrando curso.
2019-12-10 11:17:58,280 - INFO - Curso cadastrado com sucesso.
2019-12-11 08:49:19,707 - INFO - Cadastrando endereco.
2019-12-11 08:49:19,829 - INFO - Endereço cadastrado com sucesso.
2019-12-11 08:51:12,454 - INFO - Cadastrando turma.
2019-12-11 08:51:12,535 - INFO - Turma cadastrada com sucesso.
2019-12-11 08:51:54,650 - INFO - Cadastrando curso.
2019-12-11 08:51:54,734 - INFO - Curso cadastrado com sucesso.
2019-12-11 08:52:01,386 - INFO - Cadastrando campus.
2019-12-11 08:52:01,490 - INFO - campus cadastrado com sucesso.
2019-12-11 08:52:30,145 - INFO - Cadastrando escola.
2019-12-11 08:52:30,209 - INFO - Escola cadastrada com sucesso.
2019-12-11 08:52:40,363 - INFO - Cadastrando endereco.
2019-12-11 08:52:40,450 - INFO - Endereço cadastrado com sucesso.
2019-12-12 11:23:08,989 - INFO - Cadastrando professor.
2019-12-12 11:23:09,133 - INFO - Professor cadastrado com sucesso.
2019-12-12 11:24:53,431 - INFO - Cadastrando aluno...
2019-12-12 11:24:53,522 - INFO - Aluno Cadastrado com sucesso.
2019-12-12 11:26:14,808 - INFO - Cadastrando a disciplina
2019-12-12 11:28:53,988 - INFO - Cadastrando a disciplina
2019-12-12 11:29:33,617 - INFO - Cadastrando a disciplina
2019-12-12 11:29:33,682 - INFO - Disciplina cadastrada com sucesso.
2019-12-12 11:41:42,333 - INFO - Cadastrando aluno...
2019-12-12 11:41:42,406 - INFO - Aluno Cadastrado com sucesso.
2019-12-12 11:44:07,116 - INFO - Listando alunos.
2019-12-12 11:44:07,218 - INFO - Alunos listado com sucesso.
2019-12-12 11:57:03,391 - INFO - Listando endereços.
2019-12-12 11:57:03,400 - INFO - Endereços listados com sucesso.
2019-12-12 11:57:04,223 - INFO - Listando endereços.
2019-12-12 11:57:04,224 - INFO - Endereços listados com sucesso.
2019-12-12 11:57:04,384 - INFO - Listando endereços.
2019-12-12 11:57:04,385 - INFO - Endereços listados com sucesso.
2019-12-12 11:57:04,767 - INFO - Listando endereços.
2019-12-12 11:57:04,768 - INFO - Endereços listados com sucesso.
2019-12-12 11:57:04,951 - INFO - Listando endereços.
2019-12-12 11:57:04,952 - INFO - Endereços listados com sucesso.
2019-12-12 11:57:05,100 - INFO - Listando endereços.
2019-12-12 11:57:05,101 - INFO - Endereços listados com sucesso.
2019-12-12 11:57:19,153 - INFO - Listando endereços.
2019-12-12 11:57:19,165 - INFO - Endereços listados com sucesso.
2019-12-12 11:57:19,605 - INFO - Listando endereços.
2019-12-12 11:57:19,606 - INFO - Endereços listados com sucesso.
2019-12-12 11:57:19,795 - INFO - Listando endereços.
2019-12-12 11:57:19,796 - INFO - Endereços listados com sucesso.
2019-12-12 11:57:19,976 - INFO - Listando endereços.
2019-12-12 11:57:19,977 - INFO - Endereços listados com sucesso.
2019-12-12 11:57:28,233 - INFO - Listando endereços.
2019-12-12 11:57:28,234 - INFO - Endereços listados com sucesso.
2019-12-12 11:58:35,524 - INFO - Listando endereços.
2019-12-12 11:58:35,525 - INFO - Endereços listados com sucesso.
2019-12-12 12:00:44,639 - INFO - Listando endereços.
2019-12-12 12:00:44,640 - INFO - Endereços listados com sucesso.
2019-12-12 12:01:33,726 - INFO - Listando endereços.
2019-12-12 12:01:33,726 - INFO - Endereços listados com sucesso.
2019-12-12 12:12:26,294 - INFO - Listando alunos.
2019-12-12 12:12:26,295 - INFO - Alunos listado com sucesso.
2019-12-12 12:15:17,226 - INFO - Listando endereços.
2019-12-12 12:15:17,226 - INFO - Endereços listados com sucesso.
2019-12-12 12:15:35,703 - INFO - Listando campus
2019-12-12 12:15:35,704 - INFO - Campus listados com sucesso.
2019-12-12 13:01:23,905 - INFO - Listando turnos.
2019-12-12 13:01:23,992 - INFO - Turnos listados com sucesso.
2019-12-12 13:01:36,940 - INFO - Listando turnos.
2019-12-12 13:01:36,941 - INFO - Turnos listados com sucesso.
2019-12-12 13:01:46,792 - INFO - Listando alunos.
2019-12-12 13:01:46,816 - INFO - Alunos listado com sucesso.
2019-12-12 13:15:22,650 - INFO - Listando escolas.
2019-12-12 13:15:28,494 - INFO - Listando professores.
2019-12-12 13:15:28,495 - INFO - Professores listados com sucesso.
2019-12-12 13:15:37,362 - INFO - Listando campus
2019-12-12 13:15:37,362 - INFO - Campus listados com sucesso.
2019-12-12 13:15:43,419 - INFO - Listando turnos.
2019-12-12 13:15:43,420 - INFO - Turnos listados com sucesso.
2019-12-12 13:15:58,030 - INFO - Listando disciplinas.
2019-12-12 13:15:58,031 - INFO - Disciplinas listadas com sucesso.
2019-12-12 13:16:03,071 - INFO - Listando turmas.
2019-12-12 13:16:03,072 - INFO - Turmas listadas com sucesso.
2019-12-12 13:30:22,890 - INFO - Listando turmas.
2019-12-12 13:30:22,890 - INFO - Turmas listadas com sucesso.
2019-12-12 13:30:28,181 - INFO - Listando turmas.
2019-12-12 13:30:28,182 - INFO - Turmas listadas com sucesso.
2019-12-12 13:30:29,184 - INFO - Listando turmas.
2019-12-12 13:30:29,185 - INFO - Turmas listadas com sucesso.
2019-12-12 13:30:29,362 - INFO - Listando turmas.
2019-12-12 13:30:29,363 - INFO - Turmas listadas com sucesso.
2019-12-12 13:30:29,727 - INFO - Listando turmas.
2019-12-12 13:30:29,727 - INFO - Turmas listadas com sucesso.
2019-12-12 13:30:29,925 - INFO - Listando turmas.
2019-12-12 13:30:29,925 - INFO - Turmas listadas com sucesso.
2019-12-12 13:30:30,122 - INFO - Listando turmas.
2019-12-12 13:30:30,122 - INFO - Turmas listadas com sucesso.
2019-12-12 13:30:30,347 - INFO - Listando turmas.
2019-12-12 13:30:30,348 - INFO - Turmas listadas com sucesso.
2019-12-12 13:43:52,239 - INFO - Cadastrando turma.
2019-12-12 13:43:52,310 - INFO - Turma cadastrada com sucesso.
2019-12-12 13:44:12,528 - INFO - Listando turmas.
2019-12-12 13:44:12,529 - INFO - Turmas listadas com sucesso.
2019-12-12 13:44:56,492 - INFO - Cadastrando turma.
2019-12-12 13:44:56,558 - INFO - Turma cadastrada com sucesso.
2019-12-12 13:45:35,817 - INFO - Listando turmas.
2019-12-12 13:45:35,817 - INFO - Turmas listadas com sucesso.
2019-12-12 13:46:32,853 - INFO - Cadastrando curso.
2019-12-12 13:46:32,914 - INFO - Curso cadastrado com sucesso.
2019-12-12 13:47:25,024 - INFO - Listando cursos.
2019-12-12 13:47:25,025 - INFO - Cursos listados com sucesso.
2019-12-13 08:53:27,198 - INFO - Listando alunos.
2019-12-13 08:53:28,506 - INFO - Alunos listado com sucesso.
2019-12-13 08:55:54,574 - INFO - Cadastrando aluno...
2019-12-13 08:55:54,700 - INFO - Aluno Cadastrado com sucesso.
2019-12-13 08:56:37,653 - INFO - Listando alunos.
2019-12-13 08:56:37,654 - INFO - Alunos listado com sucesso.
2019-12-13 08:57:08,322 - INFO - Listando alunos.
2019-12-13 08:57:08,323 - INFO - Alunos listado com sucesso.
2019-12-13 09:01:00,020 - INFO - Cadastrando aluno...
2019-12-13 09:01:00,094 - INFO - Aluno Cadastrado com sucesso.
2019-12-13 09:01:21,704 - INFO - Cadastrando professor.
2019-12-13 09:01:21,777 - INFO - Professor cadastrado com sucesso.
2019-12-13 09:01:31,076 - INFO - Listando professores.
2019-12-13 09:01:31,077 - INFO - Professores listados com sucesso.
2019-12-13 09:02:19,238 - INFO - Cadastrando turno - NOVO.
2019-12-13 09:02:19,292 - INFO - Turno cadastrado com sucesso.
2019-12-13 09:03:18,875 - INFO - Cadastrando turno - NOVO.
2019-12-13 09:03:18,941 - INFO - Turno cadastrado com sucesso.
2019-12-13 09:04:34,703 - INFO - Cadastrando turno - NOVO.
2019-12-13 09:04:34,757 - INFO - Turno cadastrado com sucesso.
2019-12-13 09:04:54,150 - INFO - Listando turnos.
2019-12-13 09:04:54,151 - INFO - Turnos listados com sucesso.
2019-12-13 09:06:37,128 - INFO - Cadastrando aluno...
2019-12-13 09:06:37,181 - INFO - Aluno Cadastrado com sucesso.
2019-12-13 09:06:45,139 - INFO - Listando alunos.
2019-12-13 09:06:45,139 - INFO - Alunos listado com sucesso.
2019-12-13 10:05:34,034 - INFO - Cadastrando aluno...
2019-12-13 10:05:34,115 - INFO - Aluno Cadastrado com sucesso.
2019-12-13 10:05:40,701 - INFO - Listando alunos.
2019-12-13 10:05:40,701 - INFO - Alunos listado com sucesso.
2019-12-13 10:10:42,876 - INFO - Listando alunos.
2019-12-13 10:10:42,876 - INFO - Alunos listado com sucesso.
2019-12-13 10:10:59,601 - INFO - Cadastrando endereco.
2019-12-13 10:10:59,694 - INFO - Endereço cadastrado com sucesso.
2019-12-13 10:11:01,764 - INFO - Listando endereços.
2019-12-13 10:11:01,764 - INFO - Endereços listados com sucesso.
2019-12-13 10:11:22,983 - INFO - Cadastrando escola.
2019-12-13 10:11:23,077 - INFO - Escola cadastrada com sucesso.
2019-12-13 10:11:25,102 - INFO - Listando escolas.
2019-12-13 10:11:50,487 - INFO - Cadastrando professor.
2019-12-13 10:11:50,543 - INFO - Professor cadastrado com sucesso.
2019-12-13 10:11:51,680 - INFO - Listando professores.
2019-12-13 10:11:51,681 - INFO - Professores listados com sucesso.
2019-12-13 10:12:19,531 - INFO - Cadastrando campus.
2019-12-13 10:12:19,597 - INFO - campus cadastrado com sucesso.
2019-12-13 10:12:21,209 - INFO - Listando campus
2019-12-13 10:12:21,209 - INFO - Campus listados com sucesso.
2019-12-13 10:12:35,855 - INFO - Cadastrando campus.
2019-12-13 10:12:35,921 - INFO - campus cadastrado com sucesso.
2019-12-13 10:12:37,353 - INFO - Listando campus
2019-12-13 10:12:37,353 - INFO - Campus listados com sucesso.
2019-12-13 10:12:47,922 - INFO - Cadastrando turno - NOVO.
2019-12-13 10:12:48,050 - INFO - Turno cadastrado com sucesso.
2019-12-13 10:12:49,441 - INFO - Listando turnos.
2019-12-13 10:12:49,441 - INFO - Turnos listados com sucesso.
2019-12-13 10:13:08,736 - INFO - Listando cursos.
2019-12-13 10:13:08,736 - INFO - Cursos listados com sucesso.
2019-12-13 10:13:59,624 - INFO - Cadastrando a disciplina
2019-12-13 10:13:59,673 - INFO - Disciplina cadastrada com sucesso.
2019-12-13 10:14:00,379 - INFO - Listando disciplinas.
2019-12-13 10:14:00,379 - INFO - Disciplinas listadas com sucesso.
2019-12-13 10:14:15,171 - INFO - Cadastrando turma.
2019-12-13 10:14:15,247 - INFO - Turma cadastrada com sucesso.
2019-12-13 10:15:03,966 - INFO - Cadastrando turma.
2019-12-13 10:15:04,054 - INFO - Turma cadastrada com sucesso.
2019-12-13 10:18:29,370 - INFO - Cadastrando turma.
2019-12-13 10:18:29,432 - INFO - Turma cadastrada com sucesso.
2019-12-13 10:20:31,070 - INFO - Cadastrando turma.
2019-12-13 10:20:31,137 - INFO - Turma cadastrada com sucesso.
2019-12-13 10:22:09,868 - INFO - Cadastrando turma.
2019-12-13 10:22:09,943 - INFO - Turma cadastrada com sucesso.
2019-12-13 10:22:38,546 - INFO - Cadastrando turma.
2019-12-13 10:22:38,609 - INFO - Turma cadastrada com sucesso.
2019-12-13 10:25:31,638 - INFO - Cadastrando turma.
2019-12-13 10:25:31,781 - INFO - Turma cadastrada com sucesso.
2019-12-13 10:25:50,329 - INFO - Listando turmas.
2019-12-13 10:25:50,330 - INFO - Turmas listadas com sucesso.
